1611512040705	geckodriver	INFO	Listening on 127.0.0.1:63314
1611512043751	mozrunner::runner	INFO	Running command: "C:\\Program Files\\Mozilla Firefox\\firefox.exe" "--marionette" "-foreground" "-no-remote" "-profile" "C:\\Users\\yakik\\AppData\\Local\\Temp\\rust_mozprofileTZbaNx"
Can't find symbol 'eglSwapBuffersWithDamageEXT'.
Can't find symbol 'eglSetDamageRegionKHR'.
console.warn: SearchSettings: "get: No settings file exists, new profile?" (new Error("", "(unknown module)"))
console.error: Region.jsm: "Error fetching region" (new TypeError("NetworkError when attempting to fetch resource.", ""))
console.error: Region.jsm: "Failed to fetch region" (new Error("NO_RESULT", "resource://gre/modules/Region.jsm", 376))
1611512053130	Marionette	INFO	Listening on port 63325
1611512053721	Marionette	WARN	TLS certificate errors will be ignored for this session
console.error: services.settings: 
  main/partitioning-exempt-urls Signature failed  TypeError: NetworkError when attempting to fetch resource.
1611512139986	Marionette	INFO	Stopped listening on port 63325

###!!! [Child][RunMessage] Error: Channel closing: too late to send/recv, messages will be lost

1611512569720	geckodriver	INFO	Listening on 127.0.0.1:53505
1611512572786	mozrunner::runner	INFO	Running command: "C:\\Program Files\\Mozilla Firefox\\firefox.exe" "--marionette" "-foreground" "-no-remote" "-profile" "C:\\Users\\yakik\\AppData\\Local\\Temp\\rust_mozprofileD245x6"
Can't find symbol 'eglSwapBuffersWithDamageEXT'.
Can't find symbol 'eglSetDamageRegionKHR'.
console.warn: SearchSettings: "get: No settings file exists, new profile?" (new Error("", "(unknown module)"))
1611512582754	Marionette	INFO	Listening on port 53516
1611512583124	Marionette	WARN	TLS certificate errors will be ignored for this session
[Parent 12820, Gecko_IOThread] WARNING: file /builds/worker/checkouts/gecko/ipc/chromium/src/base/process_util_win.cc:166
1611512617412	Marionette	INFO	Stopped listening on port 53516

###!!! [Child][RunMessage] Error: Channel closing: too late to send/recv, messages will be lost

1611512623820	geckodriver	INFO	Listening on 127.0.0.1:53641
1611512626875	mozrunner::runner	INFO	Running command: "C:\\Program Files\\Mozilla Firefox\\firefox.exe" "--marionette" "-foreground" "-no-remote" "-profile" "C:\\Users\\yakik\\AppData\\Local\\Temp\\rust_mozprofileeEAzYy"
Can't find symbol 'eglSwapBuffersWithDamageEXT'.
Can't find symbol 'eglSetDamageRegionKHR'.
console.warn: SearchSettings: "get: No settings file exists, new profile?" (new Error("", "(unknown module)"))
1611512635668	Marionette	INFO	Listening on port 53651
1611512636079	Marionette	WARN	TLS certificate errors will be ignored for this session
console.error: services.settings: 
  security-state/cert-revocations Signature failed  TypeError: NetworkError when attempting to fetch resource.
console.error: services.settings: 
  Message: TypeError: NetworkError when attempting to fetch resource.
JavaScript error: , line 0: NS_ERROR_NOT_AVAILABLE
[Parent 7132, Gecko_IOThread] WARNING: file /builds/worker/checkouts/gecko/ipc/chromium/src/base/process_util_win.cc:166
1611513793186	Marionette	INFO	Stopped listening on port 53651
12679159	Marionette	INFO	Listening on port 53765
1611512679301	Marionette	WARN	TLS certificate errors will be ignored for this session
JavaScript error: , line 0: NS_ERROR_NOT_AVAILABLE
1611513794020	Marionette	INFO	Stopped listening on port 53765
C:\\Program Files\\Mozilla Firefox\\firefox.exe" "--marionette" "-foreground" "-no-remote" "-profile" "C:\\Users\\yakik\\AppData\\Local\\Temp\\rust_mozprofileGMI8j8"
Can't find symbol 'eglSwapBuffersWithDamageEXT'.
Can't find symbol 'eglSetDamageRegionKHR'.
console.warn: SearchSettings: "get: No settings file exists, new profile?" (new Error("", "(unknown module)"))
1611513149026	Marionette	INFO	Listening on port 54299
1611513149502	Marionette	WARN	TLS certificate errors will be ignored for this session
1611513156164	Marionette	INFO	Stopped listening on port 54299

###!!! [Child][RunMessage] Error: Channel closing: too late to send/recv, messages will be lost

1611513410456	geckodriver	INFO	Listening on 127.0.0.1:54582
1611513413524	mozrunner::runner	INFO	Running command: "C:\\Program Files\\Mozilla Firefox\\firefox.exe" "--marionette" "-foreground" "-no-remote" "-profile" "C:\\Users\\yakik\\AppData\\Local\\Temp\\rust_mozprofile8Cfv6m"
Can't find symbol 'eglSwapBuffersWithDamageEXT'.
Can't find symbol 'eglSetDamageRegionKHR'.
console.warn: SearchSettings: "get: No settings file exists, new profile?" (new Error("", "(unknown module)"))
1611513422665	Marionette	INFO	Listening on port 54593
1611513423292	Marionette	WARN	TLS certificate errors will be ignored for this session
console.error: services.settings: 
  main/fxmonitor-breaches Signature failed  TypeError: NetworkError when attempting to fetch resource.
1611513793155	Marionette	INFO	Stopped listening on port 54593
1513563006	mozrunner::runner	INFO	Running command: "C:\\Program Files\\Mozilla Firefox\\firefox.exe" "--marionette" "-foreground" "-no-remote" "-profile" "C:\\Users\\yakik\\AppData\\Local\\Temp\\rust_mozprofilejmJtqM"
Can't find symbol 'eglSwapBuffersWithDamageEXT'.
Can't find symbol 'eglSetDamageRegionKHR'.
console.warn: SearchSettings: "get: No settings file exists, new profile?" (new Error("", "(unknown module)"))
1611513573100	Marionette	INFO	Listening on port 54811
1611513573434	Marionette	WARN	TLS certificate errors will be ignored for this session
1611513793262	Marionette	INFO	Stopped listening on port 54811
1513661459	mozrunner::runner	INFO	Running command: "C:\\Program Files\\Mozilla Firefox\\firefox.exe" "--marionette" "-foreground" "-no-remote" "-profile" "C:\\Users\\yakik\\AppData\\Local\\Temp\\rust_mozprofileBTS2fJ"
Can't find symbol 'eglSwapBuffersWithDamageEXT'.
Can't find symbol 'eglSetDamageRegionKHR'.
console.warn: SearchSettings: "get: No settings file exists, new profile?" (new Error("", "(unknown module)"))
1611513670957	Marionette	INFO	Listening on port 54986
1611513671267	Marionette	WARN	TLS certificate errors will be ignored for this session
1611513804412	Marionette	INFO	Stopped listening on port 54986

###!!! [Child][RunMessage] Error: Channel closing: too late to send/recv, messages will be lost

"--marionette" "-foreground" "-no-remote" "-profile" "C:\\Users\\yakik\\AppData\\Local\\Temp\\rust_mozprofilewi7qcp"
Can't find symbol 'eglSwapBuffersWithDamageEXT'.
Can't find symbol 'eglSetDamageRegionKHR'.
console.warn: SearchSettings: "get: No settings file exists, new profile?" (new Error("", "(unknown module)"))
1611513797957	Marionette	INFO	Listening on port 55172
1611513798566	Marionette	WARN	TLS certificate errors will be ignored for this session
JavaScript error: , line 0: NS_ERROR_NOT_AVAILABLE
1611517025603	Marionette	INFO	Stopped listening on port 55172

###!!! [Child][RunMessage] Error: Channel closing: too late to send/recv, messages will be lost

 "C:\\Users\\yakik\\AppData\\Local\\Temp\\rust_mozprofileTmgbhR"
Can't find symbol 'eglSwapBuffersWithDamageEXT'.
Can't find symbol 'eglSetDamageRegionKHR'.
console.warn: SearchSettings: "get: No settings file exists, new profile?" (new Error("", "(unknown module)"))
1611513874935	Marionette	INFO	Listening on port 55266
1611513875099	Marionette	WARN	TLS certificate errors will be ignored for this session
JavaScript error: , line 0: NS_ERROR_NOT_AVAILABLE
1611517022735	Marionette	INFO	Stopped listening on port 55266

###!!! [Child][RunMessage] Error: Channel closing: too late to send/recv, messages will be lost

 "C:\\Users\\yakik\\AppData\\Local\\Temp\\rust_mozprofile91rB1v"
Can't find symbol 'eglSwapBuffersWithDamageEXT'.
Can't find symbol 'eglSetDamageRegionKHR'.
console.warn: SearchSettings: "get: No settings file exists, new profile?" (new Error("", "(unknown module)"))
1611513937424	Marionette	INFO	Listening on port 55347
1611513937785	Marionette	WARN	TLS certificate errors will be ignored for this session
1611514062220	Marionette	INFO	Stopped listening on port 55347
1611577664462	geckodriver	INFO	Listening on 127.0.0.1:64399
1611577667509	mozrunner::runner	INFO	Running command: "C:\\Program Files\\Mozilla Firefox\\firefox.exe" "--marionette" "-foreground" "-no-remote" "-profile" "C:\\Users\\yakik\\AppData\\Local\\Temp\\rust_mozprofileuSUE2g"
Can't find symbol 'eglSwapBuffersWithDamageEXT'.
Can't find symbol 'eglSetDamageRegionKHR'.
console.warn: SearchSettings: "get: No settings file exists, new profile?" (new Error("", "(unknown module)"))
1611577678186	Marionette	INFO	Listening on port 64407
1611577678460	Marionette	WARN	TLS certificate errors will be ignored for this session
JavaScript warning: https://cf.dxmcdn.com/dta/wallawb.js, line 22: unreachable code after return statement
JavaScript error: https://cdn.permutive.com/bdbae668-c577-4545-8fc2-4ad4eab52b2c-web.js?d=2021-01-25, line 1: Error: TypeError: Network request timed out
JavaScript error: https://cdn.permutive.com/bdbae668-c577-4545-8fc2-4ad4eab52b2c-web.js?d=2021-01-25, line 1: Error: TypeError: Network request timed out
JavaScript error: https://cdn.permutive.com/bdbae668-c577-4545-8fc2-4ad4eab52b2c-web.js?d=2021-01-25, line 1: Error: TypeError: Network request timed out
Can't find symbol 'eglSwapBuffersWithDamageEXT'.
Can't find symbol 'eglSetDamageRegionKHR'.
JavaScript error: , line 0: uncaught exception: undefined
JavaScript error: , line 0: uncaught exception: undefined
JavaScript error: resource://gre/modules/Sqlite.jsm, line 1031: Error: Sqlite.jsm has been shutdown. Cannot open connection to: C:\Users\yakik\AppData\Local\Temp\rust_mozprofileuSUE2g\protections.sqlite
1611577750368	Marionette	INFO	Stopped listening on port 64407

###!!! [Child][RunMessage] Error: Channel closing: too late to send/recv, messages will be lost

1611577782605	geckodriver	INFO	Listening on 127.0.0.1:64612
1611577785684	mozrunner::runner	INFO	Running command: "C:\\Program Files\\Mozilla Firefox\\firefox.exe" "--marionette" "-foreground" "-no-remote" "-profile" "C:\\Users\\yakik\\AppData\\Local\\Temp\\rust_mozprofile3eRVkN"
Can't find symbol 'eglSwapBuffersWithDamageEXT'.
Can't find symbol 'eglSetDamageRegionKHR'.
console.warn: SearchSettings: "get: No settings file exists, new profile?" (new Error("", "(unknown module)"))
1611577797197	Marionette	INFO	Listening on port 64620
1611577797445	Marionette	WARN	TLS certificate errors will be ignored for this session
JavaScript warning: https://cf.dxmcdn.com/dta/wallawb.js, line 22: unreachable code after return statement
JavaScript error: https://cdn.permutive.com/bdbae668-c577-4545-8fc2-4ad4eab52b2c-web.js?d=2021-01-25, line 1: Error: TypeError: Network request timed out
JavaScript error: https://cdn.permutive.com/bdbae668-c577-4545-8fc2-4ad4eab52b2c-web.js?d=2021-01-25, line 1: Error: TypeError: Network request timed out
JavaScript error: https://cdn.permutive.com/bdbae668-c577-4545-8fc2-4ad4eab52b2c-web.js?d=2021-01-25, line 1: Error: TypeError: Network request timed out
JavaScript error: https://cdn.permutive.com/bdbae668-c577-4545-8fc2-4ad4eab52b2c-web.js?d=2021-01-25, line 1: Error: TypeError: Network request timed out
JavaScript error: , line 0: uncaught exception: undefined
JavaScript error: https://cdn.permutive.com/bdbae668-c577-4545-8fc2-4ad4eab52b2c-web.js?d=2021-01-25, line 1: Error: TypeError: Network request timed out
Can't find symbol 'eglSwapBuffersWithDamageEXT'.
Can't find symbol 'eglSetDamageRegionKHR'.
JavaScript error: , line 0: uncaught exception: undefined
JavaScript error: , line 0: uncaught exception: undefined
JavaScript error: resource://gre/actors/PictureInPictureChild.jsm, line 452: TypeError: this.contentWindow is null
JavaScript error: resource://gre/actors/PictureInPictureChild.jsm, line 568: TypeError: this.contentWindow is null
JavaScript warning: https://cf.dxmcdn.com/dta/wallawb.js, line 22: unreachable code after return statement
1611577891030	geckodriver	INFO	Listening on 127.0.0.1:64949
1611577894096	mozrunner::runner	INFO	Running command: "C:\\Program Files\\Mozilla Firefox\\firefox.exe" "--marionette" "-foreground" "-no-remote" "-profile" "C:\\Users\\yakik\\AppData\\Local\\Temp\\rust_mozprofileQh8Dan"
Can't find symbol 'eglSwapBuffersWithDamageEXT'.
Can't find symbol 'eglSetDamageRegionKHR'.
console.warn: SearchSettings: "get: No settings file exists, new profile?" (new Error("", "(unknown module)"))
1611577904301	Marionette	INFO	Listening on port 64957
1611577904701	Marionette	WARN	TLS certificate errors will be ignored for this session
console.warn: LoginRecipes: "getRecipes: falling back to a synchronous message for:" "https://www.google.com"
console.warn: LoginRecipes: "getRecipes: falling back to a synchronous message for:" "https://www.google.com"
1611578237738	Marionette	INFO	Stopped listening on port 64957
1578009678	mozrunner::runner	INFO	Running command: "C:\\Program Files\\Mozilla Firefox\\firefox.exe" "--marionette" "-foreground" "-no-remote" "-profile" "C:\\Users\\yakik\\AppData\\Local\\Temp\\rust_mozprofileS9x3KP"
Can't find symbol 'eglSwapBuffersWithDamageEXT'.
Can't find symbol 'eglSetDamageRegionKHR'.
console.warn: SearchSettings: "get: No settings file exists, new profile?" (new Error("", "(unknown module)"))
1611578020919	Marionette	INFO	Listening on port 65041
1611578021599	Marionette	WARN	TLS certificate errors will be ignored for this session
console.warn: LoginRecipes: "getRecipes: falling back to a synchronous message for:" "https://www.google.com"
[Parent 7644, Gecko_IOThread] WARNING: pipe error: 232: file /builds/worker/checkouts/gecko/ipc/chromium/src/chrome/common/ipc_channel_win.cc:545
1611578237112	Marionette	INFO	Stopped listening on port 65041
ofile" "C:\\Users\\yakik\\AppData\\Local\\Temp\\rust_mozprofileRvwZ6G"
Can't find symbol 'eglSwapBuffersWithDamageEXT'.
Can't find symbol 'eglSetDamageRegionKHR'.
console.warn: SearchSettings: "get: No settings file exists, new profile?" (new Error("", "(unknown module)"))
1611578208949	Marionette	INFO	Listening on port 65124
1611578209202	Marionette	WARN	TLS certificate errors will be ignored for this session
1611578234707	Marionette	INFO	Stopped listening on port 65124
1611578240323	geckodriver	INFO	Listening on 127.0.0.1:65202
1611578243373	mozrunner::runner	INFO	Running command: "C:\\Program Files\\Mozilla Firefox\\firefox.exe" "--marionette" "-foreground" "-no-remote" "-profile" "C:\\Users\\yakik\\AppData\\Local\\Temp\\rust_mozprofilevmatAZ"
Can't find symbol 'eglSwapBuffersWithDamageEXT'.
Can't find symbol 'eglSetDamageRegionKHR'.
console.warn: SearchSettings: "get: No settings file exists, new profile?" (new Error("", "(unknown module)"))
1611578251089	Marionette	INFO	Listening on port 65212
1611578251407	Marionette	WARN	TLS certificate errors will be ignored for this session
1611578260210	Marionette	INFO	Stopped listening on port 65212

###!!! [Child][RunMessage] Error: Channel closing: too late to send/recv, messages will be lost


###!!! [Child][RunMessage] Error: Channel closing: too late to send/recv, messages will be lost


###!!! [Child][RunMessage] Error: Channel closing: too late to send/recv, messages will be lost

1611578382634	geckodriver	INFO	Listening on 127.0.0.1:65297
1611578385787	mozrunner::runner	INFO	Running command: "C:\\Program Files\\Mozilla Firefox\\firefox.exe" "--marionette" "-foreground" "-no-remote" "-profile" "C:\\Users\\yakik\\AppData\\Local\\Temp\\rust_mozprofileRMMwTC"
Can't find symbol 'eglSwapBuffersWithDamageEXT'.
Can't find symbol 'eglSetDamageRegionKHR'.
console.warn: SearchSettings: "get: No settings file exists, new profile?" (new Error("", "(unknown module)"))
1611578394920	Marionette	INFO	Listening on port 65305
1611578395428	Marionette	WARN	TLS certificate errors will be ignored for this session
console.error: services.settings: 
  main/cfr-fxa Signature failed  TypeError: NetworkError when attempting to fetch resource.
1611579081603	Marionette	INFO	Stopped listening on port 65305
 "-no-remote" "-profile" "C:\\Users\\yakik\\AppData\\Local\\Temp\\rust_mozprofile5B976m"
Can't find symbol 'eglSwapBuffersWithDamageEXT'.
Can't find symbol 'eglSetDamageRegionKHR'.
console.warn: SearchSettings: "get: No settings file exists, new profile?" (new Error("", "(unknown module)"))
1611578439059	Marionette	INFO	Listening on port 65379
1611578439639	Marionette	WARN	TLS certificate errors will be ignored for this session
1611579081467	Marionette	INFO	Stopped listening on port 65379

###!!! [Child][RunMessage] Error: Channel closing: too late to send/recv, messages will be lost

"--marionette" "-foreground" "-no-remote" "-profile" "C:\\Users\\yakik\\AppData\\Local\\Temp\\rust_mozprofileOGeOlq"
Can't find symbol 'eglSwapBuffersWithDamageEXT'.
Can't find symbol 'eglSetDamageRegionKHR'.
console.warn: SearchSettings: "get: No settings file exists, new profile?" (new Error("", "(unknown module)"))
1611578740827	Marionette	INFO	Listening on port 65475
1611578740985	Marionette	WARN	TLS certificate errors will be ignored for this session
console.warn: LoginRecipes: "getRecipes: falling back to a synchronous message for:" "https://www.google.com"
console.error: services.settings: 
  main/fxmonitor-breaches Signature failed  TypeError: NetworkError when attempting to fetch resource.
[Child 13676, Chrome_ChildThread] WARNING: pipe error: 232: file /builds/worker/checkouts/gecko/ipc/chromium/src/chrome/common/ipc_channel_win.cc:545

###!!! [Child][RunMessage] Error: Channel closing: too late to send/recv, messages will be lost

1611579080776	Marionette	INFO	Stopped listening on port 65475
ithDamageEXT'.
Can't find symbol 'eglSetDamageRegionKHR'.
console.warn: SearchSettings: "get: No settings file exists, new profile?" (new Error("", "(unknown module)"))
1611578843765	Marionette	INFO	Listening on port 49183
1611578844016	Marionette	WARN	TLS certificate errors will be ignored for this session
JavaScript error: chrome://global/content/elements/browser-custom-element.js, line 1707: NotFoundError: No such JSWindowActor 'MarionetteEvents'
JavaScript error: resource://activity-stream/lib/ASRouter.jsm, line 987: NS_ERROR_ILLEGAL_VALUE: Component returned failure code: 0x80070057 (NS_ERROR_ILLEGAL_VALUE) [nsIObserverService.removeObserver]
console.error: services.settings: 
  main/fxmonitor-breaches Signature failed  TypeError: NetworkError when attempting to fetch resource.
console.error: services.settings: 
  main/message-groups Signature failed  TypeError: NetworkError when attempting to fetch resource.

###!!! [Child][MessageChannel] Error: (msgtype=0x5B0005,name=PHttpChannel::Msg_Cancel) Channel closing: too late to send/recv, messages will be lost


###!!! [Child][MessageChannel] Error: (msgtype=0x5B000A,name=PHttpChannel::Msg_DeletingChannel) Channel closing: too late to send/recv, messages will be lost


###!!! [Child][RunMessage] Error: Channel closing: too late to send/recv, messages will be lost


###!!! [Child][RunMessage] Error: Channel closing: too late to send/recv, messages will be lost


###!!! [Child][RunMessage] Error: Channel closing: too late to send/recv, messages will be lost

1611578854886	Marionette	INFO	Stopped listening on port 49183

###!!! [Child][RunMessage] Error: Channel closing: too late to send/recv, messages will be lost

1611579037810	geckodriver	INFO	Listening on 127.0.0.1:49246
1611579040847	mozrunner::runner	INFO	Running command: "C:\\Program Files\\Mozilla Firefox\\firefox.exe" "--marionette" "-foreground" "-no-remote" "-profile" "C:\\Users\\yakik\\AppData\\Local\\Temp\\rust_mozprofileTzGaEx"
Can't find symbol 'eglSwapBuffersWithDamageEXT'.
Can't find symbol 'eglSetDamageRegionKHR'.
console.warn: SearchSettings: "get: No settings file exists, new profile?" (new Error("", "(unknown module)"))
1611579052314	Marionette	INFO	Listening on port 49254
1611579052596	Marionette	WARN	TLS certificate errors will be ignored for this session
1611579076897	Marionette	INFO	Stopped listening on port 49254

###!!! [Child][RunMessage] Error: Channel closing: too late to send/recv, messages will be lost

1611579104835	geckodriver	INFO	Listening on 127.0.0.1:49339
1611579107900	mozrunner::runner	INFO	Running command: "C:\\Program Files\\Mozilla Firefox\\firefox.exe" "--marionette" "-foreground" "-no-remote" "-profile" "C:\\Users\\yakik\\AppData\\Local\\Temp\\rust_mozprofileGmnEFh"
Can't find symbol 'eglSwapBuffersWithDamageEXT'.
Can't find symbol 'eglSetDamageRegionKHR'.
console.warn: SearchSettings: "get: No settings file exists, new profile?" (new Error("", "(unknown module)"))
1611579117845	Marionette	INFO	Listening on port 49347
1611579117991	Marionette	WARN	TLS certificate errors will be ignored for this session
1611579145324	Marionette	INFO	Stopped listening on port 49347

###!!! [Child][RunMessage] Error: Channel closing: too late to send/recv, messages will be lost

1611579160309	geckodriver	INFO	Listening on 127.0.0.1:49428
1611579163355	mozrunner::runner	INFO	Running command: "C:\\Program Files\\Mozilla Firefox\\firefox.exe" "--marionette" "-foreground" "-no-remote" "-profile" "C:\\Users\\yakik\\AppData\\Local\\Temp\\rust_mozprofileVhY0is"
Can't find symbol 'eglSwapBuffersWithDamageEXT'.
Can't find symbol 'eglSetDamageRegionKHR'.
console.warn: SearchSettings: "get: No settings file exists, new profile?" (new Error("", "(unknown module)"))
1611579170771	Marionette	INFO	Listening on port 49436
1611579170878	Marionette	WARN	TLS certificate errors will be ignored for this session

###!!! [Child][RunMessage] Error: Channel closing: too late to send/recv, messages will be lost

1611579334568	Marionette	INFO	Stopped listening on port 49436

###!!! [Child][RunMessage] Error: Channel closing: too late to send/recv, messages will be lost

1611579396797	geckodriver	INFO	Listening on 127.0.0.1:49515
1611579399867	mozrunner::runner	INFO	Running command: "C:\\Program Files\\Mozilla Firefox\\firefox.exe" "--marionette" "-foreground" "-no-remote" "-profile" "C:\\Users\\yakik\\AppData\\Local\\Temp\\rust_mozprofileJNEhDZ"
Can't find symbol 'eglSwapBuffersWithDamageEXT'.
Can't find symbol 'eglSetDamageRegionKHR'.
console.warn: SearchSettings: "get: No settings file exists, new profile?" (new Error("", "(unknown module)"))
1611579409077	Marionette	INFO	Listening on port 49523
1611579409437	Marionette	WARN	TLS certificate errors will be ignored for this session
1611579430600	Marionette	INFO	Stopped listening on port 49523

###!!! [Child][RunMessage] Error: Channel closing: too late to send/recv, messages will be lost

1611579525696	geckodriver	INFO	Listening on 127.0.0.1:49608
1611579528772	mozrunner::runner	INFO	Running command: "C:\\Program Files\\Mozilla Firefox\\firefox.exe" "--marionette" "-foreground" "-no-remote" "-profile" "C:\\Users\\yakik\\AppData\\Local\\Temp\\rust_mozprofileUn2SSM"
Can't find symbol 'eglSwapBuffersWithDamageEXT'.
Can't find symbol 'eglSetDamageRegionKHR'.
console.warn: SearchSettings: "get: No settings file exists, new profile?" (new Error("", "(unknown module)"))
1611579540890	Marionette	INFO	Listening on port 49616
1611579541215	Marionette	WARN	TLS certificate errors will be ignored for this session
JavaScript error: , line 0: NS_ERROR_NOT_AVAILABLE
1611580881581	Marionette	INFO	Stopped listening on port 49616

###!!! [Child][RunMessage] Error: Channel closing: too late to send/recv, messages will be lost

 "C:\\Users\\yakik\\AppData\\Local\\Temp\\rust_mozprofileatad8n"
Can't find symbol 'eglSwapBuffersWithDamageEXT'.
Can't find symbol 'eglSetDamageRegionKHR'.
console.warn: SearchSettings: "get: No settings file exists, new profile?" (new Error("", "(unknown module)"))
1611579577973	Marionette	INFO	Listening on port 49706
1611579578477	Marionette	WARN	TLS certificate errors will be ignored for this session
JavaScript error: https://code.createjs.com/1.0.0/createjs.min.js, line 13: TypeError: c is undefined
JavaScript error: https://code.createjs.com/1.0.0/createjs.min.js, line 13: TypeError: undefined has no properties
JavaScript error: , line 0: uncaught exception: undefined
JavaScript error: https://code.createjs.com/1.0.0/createjs.min.js, line 13: TypeError: undefined has no properties
JavaScript error: , line 0: uncaught exception: undefined
JavaScript error: , line 0: uncaught exception: undefined
JavaScript warning: https://cf.dxmcdn.com/dta/wallawb.js, line 22: unreachable code after return statement
JavaScript error: https://cdn.permutive.com/bdbae668-c577-4545-8fc2-4ad4eab52b2c-web.js?d=2021-01-25, line 1: Error: TypeError: Network request timed out
JavaScript error: https://cdn.permutive.com/bdbae668-c577-4545-8fc2-4ad4eab52b2c-web.js?d=2021-01-25, line 1: Error: TypeError: Network request timed out
JavaScript error: https://cdn.permutive.com/bdbae668-c577-4545-8fc2-4ad4eab52b2c-web.js?d=2021-01-25, line 1: Error: TypeError: Network request timed out
JavaScript error: https://cdn.permutive.com/bdbae668-c577-4545-8fc2-4ad4eab52b2c-web.js?d=2021-01-25, line 1: Error: TypeError: Network request timed out
Can't find symbol 'eglSwapBuffersWithDamageEXT'.
Can't find symbol 'eglSetDamageRegionKHR'.
JavaScript error: , line 0: uncaught exception: undefined
JavaScript error: , line 0: uncaught exception: undefined
JavaScript error: , line 0: NotFoundError: No such JSWindowActor 'MarionetteEvents'
JavaScript error: , line 0: NotFoundError: No such JSWindowActor 'MarionetteEvents'
SourceActor threw an exception: [Exception... "Component returned failure code: 0x80470002 (NS_BASE_STREAM_CLOSED) [nsIInputStream.available]"  nsresult: "0x80470002 (NS_BASE_STREAM_CLOSED)"  location: "JS frame :: resource://devtools/shared/DevToolsUtils.js :: onResponse :: line 567"  data: no]
Stack: onResponse@resource://devtools/shared/DevToolsUtils.js:567:34
onStopRequest@resource://gre/modules/NetUtil.jsm:128:18
Line: 567, column: 0
console.error: ({})
SourceActor threw an exception: [Exception... "Component returned failure code: 0x80470002 (NS_BASE_STREAM_CLOSED) [nsIInputStream.available]"  nsresult: "0x80470002 (NS_BASE_STREAM_CLOSED)"  location: "JS frame :: resource://devtools/shared/DevToolsUtils.js :: onResponse :: line 567"  data: no]
Stack: onResponse@resource://devtools/shared/DevToolsUtils.js:567:34
onStopRequest@resource://gre/modules/NetUtil.jsm:128:18
Line: 567, column: 0
console.error: ({})
JavaScript error: resource://devtools/shared/DevToolsUtils.js, line 567: NS_BASE_STREAM_CLOSED: Component returned failure code: 0x80470002 (NS_BASE_STREAM_CLOSED) [nsIInputStream.available]
JavaScript error: resource://devtools/shared/DevToolsUtils.js, line 567: NS_BASE_STREAM_CLOSED: Component returned failure code: 0x80470002 (NS_BASE_STREAM_CLOSED) [nsIInputStream.available]
console.error: "Error while calling actor 'layout's method 'getGrids'" "node is null"
console.error: "getGrids@resource://devtools/server/actors/layout.js:502:26\ngetGrids@resource://devtools/server/actors/layout.js:507:43\nhandler@resource://devtools/shared/protocol/Actor.js:172:37\nonPacket@resource://devtools/server/devtools-server-connection.js:379:58\nreceiveMessage@resource://devtools/shared/transport/child-transport.js:68:16\n"
console.error: "Error while calling actor 'layout's method 'getGrids'" "node is null"
console.error: "getGrids@resource://devtools/server/actors/layout.js:502:26\ngetGrids@resource://devtools/server/actors/layout.js:507:43\nhandler@resource://devtools/shared/protocol/Actor.js:172:37\nonPacket@resource://devtools/server/devtools-server-connection.js:379:58\nreceiveMessage@resource://devtools/shared/transport/child-transport.js:68:16\n"
console.error: "Error while calling actor 'pagestyle's method 'getLayout'" "node is null"
console.error: "getLayout@resource://devtools/server/actors/page-style.js:1005:5\nhandler@resource://devtools/shared/protocol/Actor.js:172:37\nonPacket@resource://devtools/server/devtools-server-connection.js:379:58\nreceiveMessage@resource://devtools/shared/transport/child-transport.js:68:16\n"
console.error: "Error while calling actor 'pagestyle's method 'getApplied'" "node is null"
console.error: "getApplied@resource://devtools/server/actors/page-style.js:573:5\nhandler@resource://devtools/shared/protocol/Actor.js:172:37\nonPacket@resource://devtools/server/devtools-server-connection.js:379:58\nreceiveMessage@resource://devtools/shared/transport/child-transport.js:68:16\n"
console.error: (new Error("Protocol error (TypeError): node is null from: server0.conn0.child3/pagestyle27 (resource://devtools/server/actors/page-style.js:1005:5)", "resource://devtools/shared/protocol/Front.js", 361))
console.error: "Error writing request: getGrids"
JavaScript warning: https://cf.dxmcdn.com/dta/wallawb.js, line 22: unreachable code after return statement

###!!! [Child][RunMessage] Error: Channel closing: too late to send/recv, messages will be lost


###!!! [Child][RunMessage] Error: Channel closing: too late to send/recv, messages will be lost

[Parent 7968, Gecko_IOThread] WARNING: file /builds/worker/checkouts/gecko/ipc/chromium/src/base/process_util_win.cc:166
1611579882011	Marionette	INFO	Stopped listening on port 49706

###!!! [Child][RunMessage] Error: Channel closing: too late to send/recv, messages will be lost

1611580603020	geckodriver	INFO	Listening on 127.0.0.1:50147
1611580606103	mozrunner::runner	INFO	Running command: "C:\\Program Files\\Mozilla Firefox\\firefox.exe" "--marionette" "-foreground" "-no-remote" "-profile" "C:\\Users\\yakik\\AppData\\Local\\Temp\\rust_mozprofile9W5i2B"
Can't find symbol 'eglSwapBuffersWithDamageEXT'.
Can't find symbol 'eglSetDamageRegionKHR'.
console.warn: SearchSettings: "get: No settings file exists, new profile?" (new Error("", "(unknown module)"))
1611580618100	Marionette	INFO	Listening on port 50155
1611580618356	Marionette	WARN	TLS certificate errors will be ignored for this session
console.error: services.settings: 
  main/message-groups Signature failed  TypeError: NetworkError when attempting to fetch resource.
1611580876257	Marionette	INFO	Stopped listening on port 50155

###!!! [Child][RunMessage] Error: Channel closing: too late to send/recv, messages will be lost

"--marionette" "-foreground" "-no-remote" "-profile" "C:\\Users\\yakik\\AppData\\Local\\Temp\\rust_mozprofileiSyV2I"
Can't find symbol 'eglSwapBuffersWithDamageEXT'.
Can't find symbol 'eglSetDamageRegionKHR'.
console.warn: SearchSettings: "get: No settings file exists, new profile?" (new Error("", "(unknown module)"))
1611580719837	Marionette	INFO	Listening on port 50248
1611580720287	Marionette	WARN	TLS certificate errors will be ignored for this session
console.error: services.settings: 
  main/fxmonitor-breaches Signature failed  TypeError: NetworkError when attempting to fetch resource.
1611581099981	Marionette	INFO	Stopped listening on port 50248

###!!! [Child][RunMessage] Error: Channel closing: too late to send/recv, messages will be lost

"--marionette" "-foreground" "-no-remote" "-profile" "C:\\Users\\yakik\\AppData\\Local\\Temp\\rust_mozprofilepbnep6"
Can't find symbol 'eglSwapBuffersWithDamageEXT'.
Can't find symbol 'eglSetDamageRegionKHR'.
console.warn: SearchSettings: "get: No settings file exists, new profile?" (new Error("", "(unknown module)"))
1611580846585	Marionette	INFO	Listening on port 50334
1611580846888	Marionette	WARN	TLS certificate errors will be ignored for this session
console.warn: LoginRecipes: "getRecipes: falling back to a synchronous message for:" "https://translate.google.com"
1611581099663	Marionette	INFO	Stopped listening on port 50334

###!!! [Child][RunMessage] Error: Channel closing: too late to send/recv, messages will be lost

"--marionette" "-foreground" "-no-remote" "-profile" "C:\\Users\\yakik\\AppData\\Local\\Temp\\rust_mozprofilewNdLpP"
Can't find symbol 'eglSwapBuffersWithDamageEXT'.
Can't find symbol 'eglSetDamageRegionKHR'.
console.warn: SearchSettings: "get: No settings file exists, new profile?" (new Error("", "(unknown module)"))
1611581048472	Marionette	INFO	Listening on port 50421
1611581048894	Marionette	WARN	TLS certificate errors will be ignored for this session
JavaScript error: resource://gre/actors/AutoCompleteChild.jsm, line 125: Error: Invalid autocomplete selectedIndex
[Child 18848, Chrome_ChildThread] WARNING: pipe error: 232: file /builds/worker/checkouts/gecko/ipc/chromium/src/chrome/common/ipc_channel_win.cc:545
1611581099955	Marionette	INFO	Stopped listening on port 50421

###!!! [Child][RunMessage] Error: Channel closing: too late to send/recv, messages will be lost

1611581281592	geckodriver	INFO	Listening on 127.0.0.1:50574
1611581284676	mozrunner::runner	INFO	Running command: "C:\\Program Files\\Mozilla Firefox\\firefox.exe" "--marionette" "-foreground" "-no-remote" "-profile" "C:\\Users\\yakik\\AppData\\Local\\Temp\\rust_mozprofilenvH7IZ"
Can't find symbol 'eglSwapBuffersWithDamageEXT'.
Can't find symbol 'eglSetDamageRegionKHR'.
console.warn: SearchSettings: "get: No settings file exists, new profile?" (new Error("", "(unknown module)"))
1611581294550	Marionette	INFO	Listening on port 50582
1611581295010	Marionette	WARN	TLS certificate errors will be ignored for this session
1611581297941	Marionette	WARN	Ignoring event 'pageshow' because document has an invalid readyState of 'uninitialized'.
console.warn: LoginRecipes: "getRecipes: falling back to a synchronous message for:" "https://www.youtube.com"
console.warn: LoginRecipes: "getRecipes: falling back to a synchronous message for:" "https://www.youtube.com"
JavaScript error: , line 0: NS_ERROR_NOT_AVAILABLE
1611582335698	Marionette	INFO	Stopped listening on port 50582

###!!! [Child][RunMessage] Error: Channel closing: too late to send/recv, messages will be lost

 "C:\\Users\\yakik\\AppData\\Local\\Temp\\rust_mozprofilerFJc2T"
Can't find symbol 'eglSwapBuffersWithDamageEXT'.
Can't find symbol 'eglSetDamageRegionKHR'.
console.warn: SearchSettings: "get: No settings file exists, new profile?" (new Error("", "(unknown module)"))
1611581470442	Marionette	INFO	Listening on port 50674
1611581470614	Marionette	WARN	TLS certificate errors will be ignored for this session
1611581473595	Marionette	WARN	Ignoring event 'pageshow' because document has an invalid readyState of 'uninitialized'.
JavaScript error: , line 0: NS_ERROR_NOT_AVAILABLE
1611582333011	Marionette	INFO	Stopped listening on port 50674
C:\\Program Files\\Mozilla Firefox\\firefox.exe" "--marionette" "-foreground" "-no-remote" "-profile" "C:\\Users\\yakik\\AppData\\Local\\Temp\\rust_mozprofileGR8DF8"
Can't find symbol 'eglSwapBuffersWithDamageEXT'.
Can't find symbol 'eglSetDamageRegionKHR'.
console.warn: SearchSettings: "get: No settings file exists, new profile?" (new Error("", "(unknown module)"))
1611581524657	Marionette	INFO	Listening on port 50754
1611581525155	Marionette	WARN	TLS certificate errors will be ignored for this session
1611581527733	Marionette	WARN	Ignoring event 'pageshow' because document has an invalid readyState of 'uninitialized'.
console.warn: LoginRecipes: "getRecipes: falling back to a synchronous message for:" "https://www.youtube.com"
JavaScript error: , line 0: NS_ERROR_NOT_AVAILABLE
1611582338460	Marionette	INFO	Stopped listening on port 50754
C:\\Program Files\\Mozilla Firefox\\firefox.exe" "--marionette" "-foreground" "-no-remote" "-profile" "C:\\Users\\yakik\\AppData\\Local\\Temp\\rust_mozprofileLflz6u"
Can't find symbol 'eglSwapBuffersWithDamageEXT'.
Can't find symbol 'eglSetDamageRegionKHR'.
console.warn: SearchSettings: "get: No settings file exists, new profile?" (new Error("", "(unknown module)"))
1611582099770	Marionette	INFO	Listening on port 50910
1611582100059	Marionette	WARN	TLS certificate errors will be ignored for this session
1611582103436	Marionette	WARN	Ignoring event 'pageshow' because document has an invalid readyState of 'uninitialized'.
1611582335461	Marionette	INFO	Stopped listening on port 50910
1582265328	mozrunner::runner	INFO	Running command: "C:\\Program Files\\Mozilla Firefox\\firefox.exe" "--marionette" "-foreground" "-no-remote" "-profile" "C:\\Users\\yakik\\AppData\\Local\\Temp\\rust_mozprofilewl2MSL"
Can't find symbol 'eglSwapBuffersWithDamageEXT'.
Can't find symbol 'eglSetDamageRegionKHR'.
console.warn: SearchSettings: "get: No settings file exists, new profile?" (new Error("", "(unknown module)"))
1611582275575	Marionette	INFO	Listening on port 51005
1611582275883	Marionette	WARN	TLS certificate errors will be ignored for this session
1611582278917	Marionette	WARN	Ignoring event 'pageshow' because document has an invalid readyState of 'uninitialized'.
console.error: services.settings: 
  main/fxmonitor-breaches Signature failed  TypeError: NetworkError when attempting to fetch resource.
1611582444974	Marionette	INFO	Stopped listening on port 51005
e" "-profile" "C:\\Users\\yakik\\AppData\\Local\\Temp\\rust_mozprofileDZjs69"
Can't find symbol 'eglSwapBuffersWithDamageEXT'.
Can't find symbol 'eglSetDamageRegionKHR'.
console.warn: SearchSettings: "get: No settings file exists, new profile?" (new Error("", "(unknown module)"))
1611582345855	Marionette	INFO	Listening on port 51089
1611582346513	Marionette	WARN	TLS certificate errors will be ignored for this session
1611582349247	Marionette	WARN	Ignoring event 'pageshow' because document has an invalid readyState of 'uninitialized'.
1611582452779	Marionette	INFO	Stopped listening on port 51089

###!!! [Child][RunMessage] Error: Channel closing: too late to send/recv, messages will be lost

"--marionette" "-foreground" "-no-remote" "-profile" "C:\\Users\\yakik\\AppData\\Local\\Temp\\rust_mozprofileIx9VA4"
Can't find symbol 'eglSwapBuffersWithDamageEXT'.
Can't find symbol 'eglSetDamageRegionKHR'.
console.warn: SearchSettings: "get: No settings file exists, new profile?" (new Error("", "(unknown module)"))
1611582389155	Marionette	INFO	Listening on port 51178
1611582389394	Marionette	WARN	TLS certificate errors will be ignored for this session
1611582392198	Marionette	WARN	Ignoring event 'pageshow' because document has an invalid readyState of 'uninitialized'.
1611582482675	Marionette	INFO	Stopped listening on port 51178

###!!! [Child][RunMessage] Error: Channel closing: too late to send/recv, messages will be lost

"--marionette" "-foreground" "-no-remote" "-profile" "C:\\Users\\yakik\\AppData\\Local\\Temp\\rust_mozprofileDOxWVs"
Can't find symbol 'eglSwapBuffersWithDamageEXT'.
Can't find symbol 'eglSetDamageRegionKHR'.
console.warn: SearchSettings: "get: No settings file exists, new profile?" (new Error("", "(unknown module)"))
1611582457004	Marionette	INFO	Listening on port 51261
1611582457224	Marionette	WARN	TLS certificate errors will be ignored for this session
1611582459932	Marionette	WARN	Ignoring event 'pageshow' because document has an invalid readyState of 'uninitialized'.
console.error: services.settings: 
  main/fxmonitor-breaches Signature failed  TypeError: NetworkError when attempting to fetch resource.
console.error: services.settings: 
  main/message-groups Signature failed  TypeError: NetworkError when attempting to fetch resource.
JavaScript error: https://brahma.analyticsvidhya.com/static/js/events.js?_=1611582557230, line 1: SyntaxError: redeclaration of let manifestFilename
Can't find symbol 'eglSwapBuffersWithDamageEXT'.
Can't find symbol 'eglSetDamageRegionKHR'.
JavaScript error: resource:///actors/ContentMetaChild.jsm, line 179: InvalidStateError: JSWindowActorChild.sendAsyncMessage: JSWindowActorChild cannot send at the moment

###!!! [Child][RunMessage] Error: Channel closing: too late to send/recv, messages will be lost

1611591310790	Marionette	INFO	Stopped listening on port 51261

###!!! [Child][RunMessage] Error: Channel closing: too late to send/recv, messages will be lost

how' because document has an invalid readyState of 'uninitialized'.
console.warn: LoginRecipes: "getRecipes: falling back to a synchronous message for:" "https://www.youtube.com"
console.error: services.settings: 
  blocklists/addons-bloomfilters Signature failed  TypeError: NetworkError when attempting to fetch resource.
console.error: services.settings: 
  Message: TypeError: NetworkError when attempting to fetch resource.
JavaScript error: , line 0: NS_ERROR_NOT_AVAILABLE
1611591309011	Marionette	INFO	Stopped listening on port 51424

###!!! [Child][RunMessage] Error: Channel closing: too late to send/recv, messages will be lost

nown module)"))
1611582777580	Marionette	INFO	Listening on port 51529
1611582778352	Marionette	WARN	TLS certificate errors will be ignored for this session
1611582781450	Marionette	WARN	Ignoring event 'pageshow' because document has an invalid readyState of 'uninitialized'.
console.error: services.settings: 
  main/fxmonitor-breaches Signature failed  TypeError: NetworkError when attempting to fetch resource.
1611582833202	Marionette	INFO	Stopped listening on port 51529

###!!! [Child][RunMessage] Error: Channel closing: too late to send/recv, messages will be lost

wapBuffersWithDamageEXT'.
Can't find symbol 'eglSetDamageRegionKHR'.
console.warn: SearchSettings: "get: No settings file exists, new profile?" (new Error("", "(unknown module)"))
1611582841772	Marionette	INFO	Listening on port 51616
1611582842165	Marionette	WARN	TLS certificate errors will be ignored for this session
1611582844804	Marionette	WARN	Ignoring event 'pageshow' because document has an invalid readyState of 'uninitialized'.
console.error: services.settings: 
  main/fxmonitor-breaches Signature failed  TypeError: NetworkError when attempting to fetch resource.
JavaScript error: , line 0: NS_ERROR_NOT_AVAILABLE
1611591307573	Marionette	INFO	Stopped listening on port 51616

###!!! [Child][RunMessage] Error: Channel closing: too late to send/recv, messages will be lost

 "C:\\Users\\yakik\\AppData\\Local\\Temp\\rust_mozprofilewz4ssp"
Can't find symbol 'eglSwapBuffersWithDamageEXT'.
Can't find symbol 'eglSetDamageRegionKHR'.
console.warn: SearchSettings: "get: No settings file exists, new profile?" (new Error("", "(unknown module)"))
1611583170966	Marionette	INFO	Listening on port 51747
1611583171546	Marionette	WARN	TLS certificate errors will be ignored for this session
JavaScript error: , line 0: NS_ERROR_NOT_AVAILABLE
1611591305575	Marionette	INFO	Stopped listening on port 51747

###!!! [Child][RunMessage] Error: Channel closing: too late to send/recv, messages will be lost

 "C:\\Users\\yakik\\AppData\\Local\\Temp\\rust_mozprofileLvWnpQ"
Can't find symbol 'eglSwapBuffersWithDamageEXT'.
Can't find symbol 'eglSetDamageRegionKHR'.
console.warn: SearchSettings: "get: No settings file exists, new profile?" (new Error("", "(unknown module)"))
1611583291824	Marionette	INFO	Listening on port 51851
1611583291936	Marionette	WARN	TLS certificate errors will be ignored for this session
JavaScript error: , line 0: NS_ERROR_NOT_AVAILABLE
1611591304806	Marionette	INFO	Stopped listening on port 51851

###!!! [Child][RunMessage] Error: Channel closing: too late to send/recv, messages will be lost

 "C:\\Users\\yakik\\AppData\\Local\\Temp\\rust_mozprofileduhPKB"
Can't find symbol 'eglSwapBuffersWithDamageEXT'.
Can't find symbol 'eglSetDamageRegionKHR'.
console.warn: SearchSettings: "get: No settings file exists, new profile?" (new Error("", "(unknown module)"))
1611583424194	Marionette	INFO	Listening on port 51941
1611583424512	Marionette	WARN	TLS certificate errors will be ignored for this session
JavaScript error: , line 0: NS_ERROR_NOT_AVAILABLE
1611591306780	Marionette	INFO	Stopped listening on port 51941

###!!! [Child][RunMessage] Error: Channel closing: too late to send/recv, messages will be lost

 "C:\\Users\\yakik\\AppData\\Local\\Temp\\rust_mozprofilea4cnJD"
Can't find symbol 'eglSwapBuffersWithDamageEXT'.
Can't find symbol 'eglSetDamageRegionKHR'.
console.warn: SearchSettings: "get: No settings file exists, new profile?" (new Error("", "(unknown module)"))
1611583498961	Marionette	INFO	Listening on port 52023
1611583499096	Marionette	WARN	TLS certificate errors will be ignored for this session
JavaScript error: , line 0: NS_ERROR_NOT_AVAILABLE
1611591301940	Marionette	INFO	Stopped listening on port 52023
1611591592831	geckodriver	INFO	Listening on 127.0.0.1:52376
1611591595862	mozrunner::runner	INFO	Running command: "C:\\Program Files\\Mozilla Firefox\\firefox.exe" "--marionette" "-foreground" "-no-remote" "-profile" "C:\\Users\\yakik\\AppData\\Local\\Temp\\rust_mozprofilejI6aVz"
Can't find symbol 'eglSwapBuffersWithDamageEXT'.
Can't find symbol 'eglSetDamageRegionKHR'.
console.warn: SearchSettings: "get: No settings file exists, new profile?" (new Error("", "(unknown module)"))
1611591607820	Marionette	INFO	Listening on port 52384
1611591608135	Marionette	WARN	TLS certificate errors will be ignored for this session
Can't find symbol 'eglSwapBuffersWithDamageEXT'.
Can't find symbol 'eglSetDamageRegionKHR'.
1611591628677	Marionette	INFO	Stopped listening on port 52381611591629074	mozrunner::runner	INFO	Running command: "C:\\Program Files\\Mozilla Firefox\\firefox.exe" "--marionette" "-foreground" "-no-remote" "-profile" "C:\\Users\\yakik\\AppData\\Local\\Temp\\rust_mozprofileeDmfZ3"
Can't find symbol 'eglSwapBuffersWithDamageEXT'.
Can't find symbol 'eglSetDamageRegionKHR'.
console.warn: SearchSettings: "get: No settings file exists, new profile?" (new Error("", "(unknown module)"))
1611591640031	Marionette	INFO	Listening on port 52450
1611591640230	Marionette	WARN	TLS certificate errors will be ignored for this session
Can't find symbol 'eglSwapBuffersWithDamageEXT'.
Can't find symbol 'eglSetDamageRegionKHR'.
console.error: "Error while calling actor 'layout's method 'getGrids'" "node is null"
console.error: "getGrids@resource://devtools/server/actors/layout.js:502:26\ngetGrids@resource://devtools/server/actors/layout.js:507:43\nhandler@resource://devtools/shared/protocol/Actor.js:172:37\nonPacket@resource://devtools/server/devtools-server-connection.js:379:58\nreceiveMessage@resource://devtools/shared/transport/child-transport.js:68:16\n"
console.warn: "fetching stylesheets failed" (new Error("Connection closed, pending request to server0.conn0.child3/styleSheetsActor4, type getStyleSheets failed\n\nRequest stack:\nrequest@resource://devtools/shared/protocol/Front.js:288:14\ngenerateRequestMethods/</frontProto[name]@resource://devtools/shared/protocol/Front/FrontClassWithSpec.js:46:19\nmodule.exports@resource://devtools/shared/resources/legacy-listeners/stylesheet.js:97:48\npermitUnload@chrome://global/content/elements/browser-custom-element.js:1707:21\n_beginRemoveTab@chrome://browser/content/tabbrowser.js:3437:40\nremoveTab@chrome://browser/content/tabbrowser.js:3331:15\non_click@chrome://browser/content/tabbrowser-tabs.js:241:20\nhandleEvent@chrome://browser/content/tabbrowser-tabs.js:1725:29\n", "resource://devtools/shared/protocol/Front.js", 99))

###!!! [Child][RunMessage] Error: Channel closing: too late to send/recv, messages will be lost


###!!! [Child][MessageChannel] Error: (msgtype=0x5B0009,name=PHttpChannel::Msg_RemoveCorsPreflightCacheEntry) Channel closing: too late to send/recv, messages will be lost


###!!! [Child][MessageChannel] Error: (msgtype=0x5B000A,name=PHttpChannel::Msg_DeletingChannel) Channel closing: too late to send/recv, messages will be lost


###!!! [Child][MessageChannel] Error: (msgtype=0x3A0144,name=PContent::Msg_ScriptError) Channel closing: too late to send/recv, messages will be lost


###!!! [Child][MessageChannel] Error: (msgtype=0x3A0144,name=PContent::Msg_ScriptError) Channel closing: too late to send/recv, messages will be lost


###!!! [Child][RunMessage] Error: Channel closing: too late to send/recv, messages will be lost


###!!! [Child][RunMessage] Error: Channel closing: too late to send/recv, messages will be lost


###!!! [Child][RunMessage] Error: Channel closing: too late to send/recv, messages will be lost


###!!! [Child][MessageChannel] Error: (msgtype=0x5B0009,name=PHttpChannel::Msg_RemoveCorsPreflightCacheEntry) Channel closing: too late to send/recv, messages will be lost


###!!! [Child][MessageChannel] Error: (msgtype=0x5B000A,name=PHttpChannel::Msg_DeletingChannel) Channel closing: too late to send/recv, messages will be lost


###!!! [Child][MessageChannel] Error: (msgtype=0x3A0144,name=PContent::Msg_ScriptError) Channel closing: too late to send/recv, messages will be lost


###!!! [Child][RunMessage] Error: Channel closing: too late to send/recv, messages will be lost


###!!! [Child][MessageChannel] Error: (msgtype=0x5B000A,name=PHttpChannel::Msg_DeletingChannel) Channel closing: too late to send/recv, messages will be lost


###!!! [Child][MessageChannel] Error: (msgtype=0x5B000A,name=PHttpChannel::Msg_DeletingChannel) Channel closing: too late to send/recv, messages will be lost


###!!! [Child][RunMessage] Error: Channel closing: too late to send/recv, messages will be lost


###!!! [Child][RunMessage] Error: Channel closing: too late to send/recv, messages will be lost


###!!! [Child][MessageChannel] Error: (msgtype=0x5B0005,name=PHttpChannel::Msg_Cancel) Channel closing: too late to send/recv, messages will be lost


###!!! [Child][MessageChannel] Error: (msgtype=0x5B000A,name=PHttpChannel::Msg_DeletingChannel) Channel closing: too late to send/recv, messages will be lost


###!!! [Child][MessageChannel] Error: (msgtype=0x3A0144,name=PContent::Msg_ScriptError) Channel closing: too late to send/recv, messages will be lost


###!!! [Child][MessageChannel] Error: (msgtype=0x3A0144,name=PContent::Msg_ScriptError) Channel closing: too late to send/recv, messages will be lost


###!!! [Child][RunMessage] Error: Channel closing: too late to send/recv, messages will be lost


###!!! [Child][RunMessage] Error: Channel closing: too late to send/recv, messages will be lost


###!!! [Child][RunMessage] Error: Channel closing: too late to send/recv, messages will be lost


###!!! [Child][MessageChannel] Error: (msgtype=0x3A0144,name=PContent::Msg_ScriptError) Channel closing: too late to send/recv, messages will be lost


###!!! [Child][MessageChannel] Error: (msgtype=0x3A0144,name=PContent::Msg_ScriptError) Channel closing: too late to send/recv, messages will be lost


###!!! [Child][MessageChannel] Error: (msgtype=0x3A0144,name=PContent::Msg_ScriptError) Channel closing: too late to send/recv, messages will be lost


###!!! [Child][RunMessage] Error: Channel closing: too late to send/recv, messages will be lost


###!!! [Child][RunMessage] Error: Channel closing: too late to send/recv, messages will be lost


###!!! [Child][RunMessage] Error: Channel closing: too late to send/recv, messages will be lost


###!!! [Child][RunMessage] Error: Channel closing: too late to send/recv, messages will be lost


###!!! [Child][MessageChannel] Error: (msgtype=0x3A0144,name=PContent::Msg_ScriptError) Channel closing: too late to send/recv, messages will be lost


###!!! [Child][RunMessage] Error: Channel closing: too late to send/recv, messages will be lost


###!!! [Child][MessageChannel] Error: (msgtype=0x3A0144,name=PContent::Msg_ScriptError) Channel closing: too late to send/recv, messages will be lost


###!!! [Child][RunMessage] Error: Channel closing: too late to send/recv, messages will be lost


###!!! [Child][MessageChannel] Error: (msgtype=0x3A0144,name=PContent::Msg_ScriptError) Channel closing: too late to send/recv, messages will be lost


###!!! [Child][RunMessage] Error: Channel closing: too late to send/recv, messages will be lost

1611591813997	Marionette	INFO	Stopped listening on port 52450
1611591819780	geckodriver	INFO	Listening on 127.0.0.1:52616
1611591822842	mozrunner::runner	INFO	Running command: "C:\\Program Files\\Mozilla Firefox\\firefox.exe" "--marionette" "-foreground" "-no-remote" "-profile" "C:\\Users\\yakik\\AppData\\Local\\Temp\\rust_mozprofiletB7M3K"
1611591828923	geckodriver	INFO	Listening on 127.0.0.1:52630
1611591832036	mozrunner::runner	INFO	Running command: "C:\\Program Files\\Mozilla Firefox\\firefox.exe" "--marionette" "-foreground" "-no-remote" "-profile" "C:\\Users\\yakik\\AppData\\Local\\Temp\\rust_mozprofileWysttw"
Can't find symbol 'eglSwapBuffersWithDamageEXT'.
Can't find symbol 'eglSetDamageRegionKHR'.
console.warn: SearchSettings: "get: No settings file exists, new profile?" (new Error("", "(unknown module)"))
1611591841570	Marionette	INFO	Listening on port 52638
1611591842167	Marionette	WARN	TLS certificate errors will be ignored for this session
Can't find symbol 'eglSwapBuffersWithDamageEXT'.
Can't find symbol 'eglSetDamageRegionKHR'.
1611591867203	Marionette	INFO	Stopped listening on port 52638

###!!! [Child][RunMessage] Error: Channel closing: too late to send/recv, messages will be lost

1611591902448	geckodriver	INFO	Listening on 127.0.0.1:52731
1611591905518	mozrunner::runner	INFO	Running command: "C:\\Program Files\\Mozilla Firefox\\firefox.exe" "--marionette" "-foreground" "-no-remote" "-profile" "C:\\Users\\yakik\\AppData\\Local\\Temp\\rust_mozprofilemoMXwo"
Can't find symbol 'eglSwapBuffersWithDamageEXT'.
Can't find symbol 'eglSetDamageRegionKHR'.
console.warn: SearchSettings: "get: No settings file exists, new profile?" (new Error("", "(unknown module)"))
1611591916168	Marionette	INFO	Listening on port 52739
1611591916717	Marionette	WARN	TLS certificate errors will be ignored for this session
Can't find symbol 'eglSwapBuffersWithDamageEXT'.
Can't find symbol 'eglSetDamageRegionKHR'.
1611591928170	Marionette	INFO	Stopped listening on port 52739

###!!! [Child][RunMessage] Error: Channel closing: too late to send/recv, messages will be lost

1611592093814	geckodriver	INFO	Listening on 127.0.0.1:52795
1611592096852	mozrunner::runner	INFO	Running command: "C:\\Program Files\\Mozilla Firefox\\firefox.exe" "--marionette" "-foreground" "-no-remote" "-profile" "C:\\Users\\yakik\\AppData\\Local\\Temp\\rust_mozprofileWM07sa"
Can't find symbol 'eglSwapBuffersWithDamageEXT'.
Can't find symbol 'eglSetDamageRegionKHR'.
console.warn: SearchSettings: "get: No settings file exists, new profile?" (new Error("", "(unknown module)"))
1611592105969	Marionette	INFO	Listening on port 52803
1611592106512	Marionette	WARN	TLS certificate errors will be ignored for this session
JavaScript error: , line 0: NS_ERROR_NOT_AVAILABLE
1611593190715	Marionette	INFO	Stopped listening on port 52803
C:\\Program Files\\Mozilla Firefox\\firefox.exe" "--marionette" "-foreground" "-no-remote" "-profile" "C:\\Users\\yakik\\AppData\\Local\\Temp\\rust_mozprofile6Jef9y"
Can't find symbol 'eglSwapBuffersWithDamageEXT'.
Can't find symbol 'eglSetDamageRegionKHR'.
console.warn: SearchSettings: "get: No settings file exists, new profile?" (new Error("", "(unknown module)"))
1611592166231	Marionette	INFO	Listening on port 52863
1611592166591	Marionette	WARN	TLS certificate errors will be ignored for this session
1611592166705	Marionette	INFO	Stopped listening on port 52863
JavaScript error: resource://activity-stream/lib/ASRouter.jsm, line 987: NS_ERROR_ILLEGAL_VALUE: Component returned failure code: 0x80070057 (NS_ERROR_ILLEGAL_VALUE) [nsIObserverService.removeObserver]

###!!! [Child][RunMessage] Error: Channel closing: too late to send/recv, messages will be lost

1611592552501	geckodriver	INFO	Listening on 127.0.0.1:53064
1611592555559	mozrunner::runner	INFO	Running command: "C:\\Program Files\\Mozilla Firefox\\firefox.exe" "--marionette" "-foreground" "-no-remote" "-profile" "C:\\Users\\yakik\\AppData\\Local\\Temp\\rust_mozprofiledDTNjK"
Can't find symbol 'eglSwapBuffersWithDamageEXT'.
Can't find symbol 'eglSetDamageRegionKHR'.
console.warn: SearchSettings: "get: No settings file exists, new profile?" (new Error("", "(unknown module)"))
1611592564505	Marionette	INFO	Listening on port 53072
1611592565061	Marionette	WARN	TLS certificate errors will be ignored for this session
1611592565209	Marionette	INFO	Stopped listening on port 53072
JavaScript error: resource://activity-stream/lib/ASRouter.jsm, line 987: NS_ERROR_ILLEGAL_VALUE: Component returned failure code: 0x80070057 (NS_ERROR_ILLEGAL_VALUE) [nsIObserverService.removeObserver]
console.error: services.settings: 
  main/cfr Signature failed  TypeError: NetworkError when attempting to fetch resource.

###!!! [Child][RunMessage] Error: Channel closing: too late to send/recv, messages will be lost

1611592602236	geckodriver	INFO	Listening on 127.0.0.1:53146
1611592605302	mozrunner::runner	INFO	Running command: "C:\\Program Files\\Mozilla Firefox\\firefox.exe" "--marionette" "-foreground" "-no-remote" "-profile" "C:\\Users\\yakik\\AppData\\Local\\Temp\\rust_mozprofilePLSo4T"
Can't find symbol 'eglSwapBuffersWithDamageEXT'.
Can't find symbol 'eglSetDamageRegionKHR'.
console.warn: SearchSettings: "get: No settings file exists, new profile?" (new Error("", "(unknown module)"))
1611592616079	Marionette	INFO	Listening on port 53154
1611592616303	Marionette	WARN	TLS certificate errors will be ignored for this session
1611592616467	Marionette	INFO	Stopped listening on port 53154
JavaScript error: resource://activity-stream/lib/ASRouter.jsm, line 987: NS_ERROR_ILLEGAL_VALUE: Component returned failure code: 0x80070057 (NS_ERROR_ILLEGAL_VALUE) [nsIObserverService.removeObserver]
console.error: services.settings: 
  main/message-groups Signature failed  TypeError: NetworkError when attempting to fetch resource.

###!!! [Child][RunMessage] Error: Channel closing: too late to send/recv, messages will be lost

1611592642561	geckodriver	INFO	Listening on 127.0.0.1:53187
1611592645616	mozrunner::runner	INFO	Running command: "C:\\Program Files\\Mozilla Firefox\\firefox.exe" "--marionette" "-foreground" "-no-remote" "-profile" "C:\\Users\\yakik\\AppData\\Local\\Temp\\rust_mozprofileCiKubn"
Can't find symbol 'eglSwapBuffersWithDamageEXT'.
Can't find symbol 'eglSetDamageRegionKHR'.
console.warn: SearchSettings: "get: No settings file exists, new profile?" (new Error("", "(unknown module)"))
1611592655258	Marionette	INFO	Listening on port 53196
1611592655684	Marionette	WARN	TLS certificate errors will be ignored for this session
1611593189823	Marionette	INFO	Stopped listening on port 53196

###!!! [Child][RunMessage] Error: Channel closing: too late to send/recv, messages will be lost

"--marionette" "-foreground" "-no-remote" "-profile" "C:\\Users\\yakik\\AppData\\Local\\Temp\\rust_mozprofilewO4ybL"
Can't find symbol 'eglSwapBuffersWithDamageEXT'.
Can't find symbol 'eglSetDamageRegionKHR'.
console.warn: SearchSettings: "get: No settings file exists, new profile?" (new Error("", "(unknown module)"))
1611592705278	Marionette	INFO	Listening on port 53255
1611592705787	Marionette	WARN	TLS certificate errors will be ignored for this session
1611593189080	Marionette	INFO	Stopped listening on port 53255

###!!! [Child][RunMessage] Error: Channel closing: too late to send/recv, messages will be lost

"--marionette" "-foreground" "-no-remote" "-profile" "C:\\Users\\yakik\\AppData\\Local\\Temp\\rust_mozprofileNKTame"
Can't find symbol 'eglSwapBuffersWithDamageEXT'.
Can't find symbol 'eglSetDamageRegionKHR'.
console.warn: SearchSettings: "get: No settings file exists, new profile?" (new Error("", "(unknown module)"))
1611592742014	Marionette	INFO	Listening on port 53317
1611592742572	Marionette	WARN	TLS certificate errors will be ignored for this session
1611592742794	Marionette	INFO	Stopped listening on port 53317
JavaScript error: resource://activity-stream/lib/ASRouter.jsm, line 987: NS_ERROR_ILLEGAL_VALUE: Component returned failure code: 0x80070057 (NS_ERROR_ILLEGAL_VALUE) [nsIObserverService.removeObserver]

###!!! [Child][RunMessage] Error: Channel closing: too late to send/recv, messages will be lost

